PinGo/android/proguard/seeds.txt
com.pingo.activity.AboutActivity
com.pingo.activity.AboutActivity: AboutActivity()
com.pingo.activity.AboutActivity: void onIntroduction(android.view.View)
com.pingo.activity.AboutActivity: void onAgreement(android.view.View)
com.pingo.activity.AboutActivity: void onTopLeft(android.view.View)
com.pingo.activity.ChatActivity
com.pingo.activity.ChatActivity: ChatActivity()
com.pingo.activity.ChatActivity: void onClick(android.view.View)
com.pingo.activity.ChatActivity: void head_xiaohei(android.view.View)
com.pingo.activity.ConfirmOrderActivity
com.pingo.activity.ConfirmOrderActivity: ConfirmOrderActivity()
com.pingo.activity.ConfirmOrderActivity: void onTopLeft(android.view.View)
com.pingo.activity.ConfirmOrderActivity: void chooseAddress(android.view.View)
com.pingo.activity.FirstCatGoodActivity
com.pingo.activity.FirstCatGoodActivity: FirstCatGoodActivity()
com.pingo.activity.FirstCatGoodActivity: void getMoreGoods(android.view.View)
com.pingo.activity.FirstCatGoodActivity: void onTopLeft(android.view.View)
com.pingo.activity.FirstCatGoodActivity: void onSubmit(android.view.View)
com.pingo.activity.FirstCatGoodActivity: void onTopRight(android.view.View)
com.pingo.activity.GoodInfoActivity
com.pingo.activity.GoodInfoActivity: GoodInfoActivity()
com.pingo.activity.GoodInfoActivity: void onTopLeft(android.view.View)
com.pingo.activity.GoodInfoActivity: void onMinus(android.view.View)
com.pingo.activity.GoodInfoActivity: void onAdd(android.view.View)
com.pingo.activity.GoodInfoActivity: void onAddToCart(android.view.View)
com.pingo.activity.GoodListActivity
com.pingo.activity.GoodListActivity: GoodListActivity()
com.pingo.activity.GoodListActivity: void onTopLeft(android.view.View)
com.pingo.activity.GoodNewActivity
com.pingo.activity.GoodNewActivity: GoodNewActivity()
com.pingo.activity.GoodNewActivity: void GetGoods(android.view.View)
com.pingo.activity.GoodNewActivity: void onTopLeft(android.view.View)
com.pingo.activity.GoodShoppingRushActivity
com.pingo.activity.GoodShoppingRushActivity: GoodShoppingRushActivity()
com.pingo.activity.GoodShoppingRushActivity: void GetRushGoods(android.view.View)
com.pingo.activity.GoodShoppingRushActivity: void onTopLeft(android.view.View)
com.pingo.activity.GuideActivity
com.pingo.activity.GuideActivity: GuideActivity()
com.pingo.activity.GuideActivity: void onEnter(android.view.View)
com.pingo.activity.LoginActivity
com.pingo.activity.LoginActivity: LoginActivity()
com.pingo.activity.LoginActivity: void register(android.view.View)
com.pingo.activity.LoginActivity: void onResetPass(android.view.View)
com.pingo.activity.LoginActivity: void login(android.view.View)
com.pingo.activity.LoginNetActivity
com.pingo.activity.LoginNetActivity: LoginNetActivity()
com.pingo.activity.MainActivity
com.pingo.activity.MainActivity: MainActivity()
com.pingo.activity.MainActivity: void onClick(android.view.View)
com.pingo.activity.MainFragmentHome: void getCat(android.view.View)
com.pingo.activity.MainFragmentHome: void getMoreGoods(android.view.View)
com.pingo.activity.MainFragmentMsg: void startchat(android.view.View)
com.pingo.activity.ManageAddressActivity
com.pingo.activity.ManageAddressActivity: ManageAddressActivity()
com.pingo.activity.ManageAddressActivity: void onTopLeft(android.view.View)
com.pingo.activity.ManageAddressActivity: void addAddress(android.view.View)
com.pingo.activity.NewOrEditAddressActivity
com.pingo.activity.NewOrEditAddressActivity: NewOrEditAddressActivity()
com.pingo.activity.NewOrEditAddressActivity: void onTopLeft(android.view.View)
com.pingo.activity.NewOrEditAddressActivity: void onTopRight(android.view.View)
com.pingo.activity.NewOrEditAddressActivity: void getProvinceSchoolZone(android.view.View)
com.pingo.activity.OrderActivity
com.pingo.activity.OrderActivity: void getOrder(android.view.View)
com.pingo.activity.OrderActivity: void onTopLeft(android.view.View)
...
android.support.v4.app.BackStackState
android.support.v4.app.BackStackState: android.os.Parcelable$Creator CREATOR
android.support.v4.app.Fragment$SavedState
android.support.v4.app.Fragment$SavedState: android.os.Parcelable$Creator CREATOR
android.support.v4.app.FragmentActivity
android.support.v4.app.FragmentActivity: FragmentActivity()
android.support.v4.app.FragmentManagerState
android.support.v4.app.FragmentManagerState: android.os.Parcelable$Creator CREATOR
android.support.v4.app.FragmentState
android.support.v4.app.FragmentState: android.os.Parcelable$Creator CREATOR
android.support.v4.app.FragmentTabHost
android.support.v4.app.FragmentTabHost: FragmentTabHost(android.content.Context,android.util.AttributeSet)
android.support.v4.app.FragmentTabHost$SavedState
android.support.v4.app.FragmentTabHost$SavedState: android.os.Parcelable$Creator CREATOR
android.support.v4.app.NotificationCompatSideChannelService
android.support.v4.content.FileProvider
android.support.v4.content.ModernAsyncTask$Status: android.support.v4.content.ModernAsyncTask$Status[] values()
android.support.v4.content.ModernAsyncTask$Status: android.support.v4.content.ModernAsyncTask$Status valueOf(java.lang.String)
android.support.v4.content.WakefulBroadcastReceiver
android.support.v4.view.PagerTabStrip
android.support.v4.view.PagerTabStrip: PagerTabStrip(android.content.Context,android.util.AttributeSet)
android.support.v4.view.PagerTitleStrip
android.support.v4.view.PagerTitleStrip: PagerTitleStrip(android.content.Context)
android.support.v4.view.PagerTitleStrip: PagerTitleStrip(android.content.Context,android.util.AttributeSet)
android.support.v4.view.ViewPager
android.support.v4.view.ViewPager: ViewPager(android.content.Context)
android.support.v4.view.ViewPager: ViewPager(android.content.Context,android.util.AttributeSet)
android.support.v4.view.ViewPager$LayoutParams
android.support.v4.view.ViewPager$LayoutParams: ViewPager$LayoutParams(android.content.Context,android.util.AttributeSet)
android.support.v4.view.ViewPager$SavedState
android.support.v4.view.ViewPager$SavedState: android.os.Parcelable$Creator CREATOR
android.support.v4.widget.ContentLoadingProgressBar
android.support.v4.widget.ContentLoadingProgressBar: ContentLoadingProgressBar(android.content.Context,android.util.AttributeSet)
android.support.v4.widget.DrawerLayout
android.support.v4.widget.DrawerLayout: DrawerLayout(android.content.Context,android.util.AttributeSet)
android.support.v4.widget.DrawerLayout: DrawerLayout(android.content.Context,android.util.AttributeSet,int)
android.support.v4.widget.DrawerLayout$LayoutParams
android.support.v4.widget.DrawerLayout$LayoutParams: DrawerLayout$LayoutParams(android.content.Context,android.util.AttributeSet)
android.support.v4.widget.DrawerLayout$SavedState
android.support.v4.widget.DrawerLayout$SavedState: android.os.Parcelable$Creator CREATOR
android.support.v4.widget.SlidingPaneLayout
android.support.v4.widget.SlidingPaneLayout: SlidingPaneLayout(android.content.Context,android.util.AttributeSet)
android.support.v4.widget.SlidingPaneLayout: SlidingPaneLayout(android.content.Context,android.util.AttributeSet,int)
android.support.v4.widget.SlidingPaneLayout$LayoutParams
android.support.v4.widget.SlidingPaneLayout$LayoutParams: SlidingPaneLayout$LayoutParams(android.content.Context,android.util.AttributeSet)
android.support.v4.widget.SlidingPaneLayout$SavedState
android.support.v4.widget.SlidingPaneLayout$SavedState: android.os.Parcelable$Creator CREATOR
android.support.v4.widget.SwipeRefreshLayout
android.support.v4.widget.SwipeRefreshLayout: SwipeRefreshLayout(android.content.Context,android.util.AttributeSet)
android.support.v7.app.ActionBar$LayoutParams
android.support.v7.app.ActionBar$LayoutParams: ActionBar$LayoutParams(android.content.Context,android.util.AttributeSet)
android.support.v7.app.ActionBarActivity
android.support.v7.app.ActionBarActivity: void setContentView(android.view.View)