PinGo/android/proguard/mapping.txt
com.pingo.activity.AboutActivity -> com.pingo.activity.AboutActivity:
    void onCreate(android.os.Bundle) -> onCreate
    void onIntroduction(android.view.View) -> onIntroduction
    void onAgreement(android.view.View) -> onAgreement
    void onTopLeft(android.view.View) -> onTopLeft
com.pingo.activity.ChatActivity -> com.pingo.activity.ChatActivity:
    android.widget.Button mBtnSend -> a
    android.widget.Button mBtnBack -> b
    android.widget.EditText mEditTextContent -> c
    android.widget.ListView mListView -> d
    com.pingo.adapter.ChatMsgAdapter mAdapter -> e
    java.util.List mDataArrays -> f
    java.lang.String[] msgArray -> g
    java.lang.String[] dataArray -> h
    void onCreate(android.os.Bundle) -> onCreate
    void onClick(android.view.View) -> onClick
    void head_xiaohei(android.view.View) -> head_xiaohei
com.pingo.activity.ConfirmOrderActivity -> com.pingo.activity.ConfirmOrderActivity:
    android.widget.TextView bt_ok -> b
    android.widget.TextView tv_goodsprice -> c
    android.widget.TextView tv_orderprice -> d
    android.widget.ListView listView_Order -> e
    com.pingo.adapter.OrderListViewAdapter adapter -> f
    com.pingo.widget.TimePickerPopWindow m_PickerPopWindow -> g
    java.util.ArrayList cartGoodList -> h
    com.android.volley.RequestQueue mQueue -> i
    android.view.View view -> j
    java.lang.String priceAll -> k
    android.app.Dialog dlg -> a
    void onCreate(android.os.Bundle) -> onCreate
    void onTopLeft(android.view.View) -> onTopLeft
    void CreateOrder() -> a
    void chooseAddress(android.view.View) -> chooseAddress
    void onActivityResult(int,int,android.content.Intent) -> onActivityResult
com.pingo.activity.ConfirmOrderActivity$1 -> com.pingo.activity.a:
    com.pingo.activity.ConfirmOrderActivity this$0 -> a
    void onClick(android.view.View) -> onClick
com.pingo.activity.ConfirmOrderActivity$2 -> com.pingo.activity.b:
    com.pingo.activity.ConfirmOrderActivity this$0 -> a
    void onResponse(java.lang.Object) -> a
com.pingo.activity.ConfirmOrderActivity$3 -> com.pingo.activity.c:
    com.pingo.activity.ConfirmOrderActivity this$0 -> a
    void onErrorResponse(com.android.volley.VolleyError) -> a
com.pingo.activity.FirstCatGoodActivity -> com.pingo.activity.FirstCatGoodActivity:
    com.android.volley.RequestQueue mQueue -> b
    int FirstID -> c
    java.lang.String[][] cats -> a
    void onCreate(android.os.Bundle) -> onCreate
    void getMoreGoods(android.view.View) -> getMoreGoods
    void onTopLeft(android.view.View) -> onTopLeft
    void onSubmit(android.view.View) -> onSubmit
    void onTopRight(android.view.View) -> onTopRight
    void onRefresh(com.pingo.widget.pullrefresh.PullToRefreshLayout) -> a
    void onLoadMore(com.pingo.widget.pullrefresh.PullToRefreshLayout) -> b
com.pingo.activity.FirstCatGoodActivity$1 -> com.pingo.activity.d:
    com.pingo.activity.FirstCatGoodActivity this$0 -> a
    void onItemClick(android.widget.AdapterView,android.view.View,int,long) -> onItemClick
com.pingo.activity.GoodInfoActivity -> com.pingo.activity.GoodInfoActivity:
    com.android.volley.RequestQueue mQueue -> g
    java.lang.String ProductId -> a
    java.lang.String PdtDesc -> b
    java.lang.String GoodId -> c
    java.lang.String GoodName -> d
    java.lang.String Price -> e
    android.view.View view -> h
    com.pingo.activity.GoodInfoActivity instance -> f
    void onCreate(android.os.Bundle) -> onCreate
    void onTopLeft(android.view.View) -> onTopLeft
    void onMinus(android.view.View) -> onMinus
    void onAdd(android.view.View) -> onAdd
    void onAddToCart(android.view.View) -> onAddToCart
...
com.pingo.widget.MyListView -> com.pingo.widget.MyListView:
    void onMeasure(int,int) -> onMeasure
com.pingo.widget.PickerView -> com.pingo.widget.PickerView:
    java.util.List mDataList -> b
    int mCurrentSelected -> c
    android.graphics.Paint mPaint -> d
    float mMaxTextSize -> e
    float mMinTextSize -> f
    float mMaxTextAlpha -> g
    float mMinTextAlpha -> h
    int mColorText -> i
    int mViewHeight -> j
    int mViewWidth -> k
    float mLastDownY -> l
    float mMoveLen -> m
    boolean isInit -> n
    com.pingo.widget.PickerView$onSelectListener mSelectListener -> o
    java.util.Timer timer -> p
    com.pingo.widget.PickerView$MyTimerTask mTask -> q
    android.os.Handler updateHandler -> a
    void setOnSelectListener(com.pingo.widget.PickerView$onSelectListener) -> a
    void setData(java.util.List) -> a
    void onMeasure(int,int) -> onMeasure
    void init() -> a
    void onDraw(android.graphics.Canvas) -> onDraw
    void drawOtherText(android.graphics.Canvas,int,int) -> a
    float parabola(float,float) -> a
    boolean onTouchEvent(android.view.MotionEvent) -> onTouchEvent
    float access$0(com.pingo.widget.PickerView) -> a
    void access$1(com.pingo.widget.PickerView,float) -> a
    com.pingo.widget.PickerView$MyTimerTask access$2(com.pingo.widget.PickerView) -> b
    void access$3$51f2b05(com.pingo.widget.PickerView) -> c
    void access$4(com.pingo.widget.PickerView) -> d
com.pingo.widget.PickerView$1 -> com.pingo.widget.b:
    com.pingo.widget.PickerView this$0 -> a
    void handleMessage(android.os.Message) -> handleMessage
com.pingo.widget.PickerView$MyTimerTask -> com.pingo.widget.c:
    android.os.Handler handler -> a
    com.pingo.widget.PickerView this$0 -> b
    void run() -> run
com.pingo.widget.PickerView$onSelectListener -> com.pingo.widget.d:
    void onSelect(java.lang.String) -> a
com.pingo.widget.SegmentedRadioGroup -> com.pingo.widget.SegmentedRadioGroup:
    void onFinishInflate() -> onFinishInflate
com.pingo.widget.TimePickerPopWindow -> com.pingo.widget.e:
    com.pingo.widget.PickerView data_pv -> a
    com.pingo.widget.PickerView time_pv -> b
    int hour -> c
    int minute -> d
    java.util.List data -> e
    java.util.List seconds -> f
    android.widget.PopupWindow popupWindow -> g
    void onClick(android.view.View) -> onClick
    void onDismiss() -> onDismiss
com.pingo.widget.TimePickerPopWindow$1 -> com.pingo.widget.f:
    com.pingo.widget.TimePickerPopWindow this$0 -> a
    void onSelect(java.lang.String) -> a
com.pingo.widget.TimePickerPopWindow$2 -> com.pingo.widget.g:
    com.pingo.widget.TimePickerPopWindow this$0 -> a
    void onSelect(java.lang.String) -> a