PinGo/android/proguard/usage.txt
com.pingo.activity.BuildConfig
com.pingo.activity.ChatActivity:
    private static final int COUNT
com.pingo.activity.ConfirmOrderActivity:
    private android.widget.ImageView bt_back
    public static final int REQUEST_CODE_01
com.pingo.activity.GoodInfoActivity:
    private com.pingo.activity.SelectAttributePopWindow popWindow
    public static final int REQUEST_CODE_01
com.pingo.activity.GoodListActivity:
    com.pingo.widget.pullrefresh.PullableScrollView mPullRefreshScrollView
    android.widget.ScrollView mScrollView
com.pingo.activity.MainActivity:
    private android.app.NotificationManager nm
    private android.support.v4.view.ViewPager mTabPager
    private android.widget.ImageView mTabImg
    private android.widget.ImageView IvAvatar
    private android.widget.ImageView mTab1
    private android.widget.ImageView mTab2
    private android.widget.ImageView mTab3
    private android.widget.ImageView mTab4
    private android.widget.ImageView mTab5
    private int[] imageIds
    private int pingoNum
    private java.lang.String[] titles
    private java.util.ArrayList images
    private java.util.ArrayList dots
    private android.widget.TextView title
    private android.widget.TextView pingoHint
    private android.support.v4.view.ViewPager mViewPager
    private com.pingo.adapter.ViewPagerAdapter adapter
    private int currentItem
    private java.util.concurrent.ScheduledExecutorService scheduledExecutorService
    public static final int REQUEST_CODE_01
    public static final int REQUEST_CODE_02
    public static final int REQUEST_CODE_03
com.pingo.activity.MainFragmentCart:
    private android.widget.LinearLayout ll_address
    java.lang.String mToken
    222:230:public static boolean[] deleteByIndex(boolean[],int)
com.pingo.activity.MainFragmentMsg
com.pingo.activity.MainFragmentPingo
com.pingo.activity.MainFragmentUser:
    private android.widget.LinearLayout purse
    static final int PHOTO_REQUEST_TAKEPHOTO
    public static final int PHOTO_REQUEST_GALLERY
    public static final int PHOTO_REQUEST_CUT
    74:80:public void MyStore(android.view.View)
    96:96:public void exit_settings(android.view.View)
com.pingo.activity.ManageAddressActivity:
    private android.widget.ListView AdressList
com.pingo.activity.Manifest
com.pingo.activity.Manifest$permission
com.pingo.activity.NewOrEditAddressActivity:
    private long id
    private int addressType
    public static final int TYPE_ADD_ADDRESS
    public static final int TYPE_EDIT_ADDRESS
    public static final int REQUEST_CODE_01
com.pingo.activity.OrderActivity:
    private android.widget.ListView AdressList
com.pingo.activity.PingoApplication:
    private static final java.lang.String TAG
    22:22:public static com.pingo.activity.PingoApplication getInstance()
    27:27:public com.android.volley.RequestQueue getRequestQueue()
    32:32:public com.android.volley.toolbox.ImageLoader getImageLoader()
com.pingo.activity.R
com.pingo.activity.R$anim
com.pingo.activity.R$array
com.pingo.activity.R$attr
com.pingo.activity.R$bool
com.pingo.activity.R$color
com.pingo.activity.R$dimen
com.pingo.activity.R$drawable
com.pingo.activity.R$id
com.pingo.activity.R$integer
com.pingo.activity.R$layout
com.pingo.activity.R$menu
com.pingo.activity.R$raw
com.pingo.activity.R$string
com.pingo.activity.R$style
com.pingo.activity.R$styleable
com.pingo.activity.SelectAttributePopWindow
com.pingo.activity.SelectAttributePopWindow$1
com.pingo.activity.SelectAttributePopWindow$2
...
android.support.v4.util.AtomicFile
android.support.v4.util.CircularArray
android.support.v4.util.ContainerHelpers:
    19:19:ContainerHelpers()
    29:29:public static int idealLongArraySize(int)
    65:80:static int binarySearch(long[],int,long)
android.support.v4.util.DebugUtils:
    25:25:public DebugUtils()
android.support.v4.util.LongSparseArray
android.support.v4.util.LruCache:
    177:193:public final java.lang.Object remove(java.lang.Object)
    255:256:public final void evictAll()
    264:264:public final synchronized int size()
    273:273:public final synchronized int maxSize()
    280:280:public final synchronized int hitCount()
    288:288:public final synchronized int missCount()
    295:295:public final synchronized int createCount()
    302:302:public final synchronized int putCount()
    309:309:public final synchronized int evictionCount()
    317:317:public final synchronized java.util.Map snapshot()
android.support.v4.util.Pools
android.support.v4.util.Pools$Pool
android.support.v4.util.Pools$SimplePool
android.support.v4.util.Pools$SynchronizedPool
android.support.v4.util.SimpleArrayMap:
    private static final boolean DEBUG
    private static final java.lang.String TAG
    private static final int BASE_SIZE
    private static final int CACHE_SIZE
    217:225:public SimpleArrayMap(int)
    231:235:public SimpleArrayMap(android.support.v4.util.SimpleArrayMap)
    419:432:public void putAll(android.support.v4.util.SimpleArrayMap)
android.support.v4.util.SparseArrayCompat:
    76:76:public java.lang.Object get(int)
    85:90:public java.lang.Object get(int,java.lang.Object)
    98:106:public void delete(int)
    112:113:public void remove(int)
    119:123:public void removeAt(int)
    132:136:public void removeAtRange(int,int)
    172:216:public void put(int,java.lang.Object)
    263:268:public void setValueAt(int,java.lang.Object)
    276:280:public int indexOfKey(int)
    294:302:public int indexOfValue(java.lang.Object)
    325:352:public void append(int,java.lang.Object)
android.support.v4.util.TimeUtils
android.support.v4.view.AccessibilityDelegateCompatIcs:
    28:30:AccessibilityDelegateCompatIcs()
android.support.v4.view.AccessibilityDelegateCompatJellyBean:
    30:32:AccessibilityDelegateCompatJellyBean()
android.support.v4.view.ActionProvider:
    private static final java.lang.String TAG
    78:80:public ActionProvider(android.content.Context)
android.support.v4.view.GestureDetectorCompat
android.support.v4.view.GestureDetectorCompat$GestureDetectorCompatImpl
android.support.v4.view.GestureDetectorCompat$GestureDetectorCompatImplBase
android.support.v4.view.GestureDetectorCompat$GestureDetectorCompatImplBase$GestureHandler
android.support.v4.view.GestureDetectorCompat$GestureDetectorCompatImplJellybeanMr2
android.support.v4.view.GravityCompat:
    public static final int RELATIVE_LAYOUT_DIRECTION
    public static final int START
    public static final int END
    public static final int RELATIVE_HORIZONTAL_GRAVITY_MASK
    27:62:public GravityCompat()
    132:133:public static void apply(int,int,int,android.graphics.Rect,android.graphics.Rect,int)
    162:163:public static void apply(int,int,int,android.graphics.Rect,int,int,android.graphics.Rect,int)
    186:187:public static void applyDisplay(int,android.graphics.Rect,android.graphics.Rect,int)
android.support.v4.view.GravityCompat$GravityCompatImpl:
    public abstract void apply(int,int,int,android.graphics.Rect,android.graphics.Rect,int)
    public abstract void apply(int,int,int,android.graphics.Rect,int,int,android.graphics.Rect,int)
    public abstract void applyDisplay(int,android.graphics.Rect,android.graphics.Rect,int)